<?xml version="1.0"?>
<testsuites>
  <testsuite name="listing_quotes" errors="0" failures="0" skipped="0" tests="0" timestamp="2025-06-25T07:55:09.054" hostname="Student-laptop" time="0.038"/>
  <testsuite name="listing_quotes" errors="0" failures="0" skipped="0" tests="0" timestamp="2025-06-25T07:55:09.056" hostname="Student-laptop" time="0.003"/>
  <testsuite name="create_quotes" errors="0" failures="1" skipped="0" tests="1" timestamp="2025-06-25T07:55:09.056" hostname="Student-laptop" time="0.006">
    <testcase name="author eq Confucius" status="fail" classname="http://localhost:5000/quotes" time="0.006">
      <failure type="failure" message="expected undefined to equal 'Confucius'"/>
    </testcase>
  </testsuite>
</testsuites>